[2026-02-14 14:43:28 UTC] AUTONOMOUS_EXECUTOR_STARTED (pid=67069)
[2026-02-14 14:43:28 UTC] EXECUTION_PROFILE=max
[2026-02-14 14:43:28 UTC] PIPELINE_SCRIPT=/home/dev/Project_Me/asdev-standards-platform/platform/scripts/execution/pipelines/run-priority-pipelines-max.sh
[2026-02-14 14:43:28 UTC] IDLE_WAIT_START (180s)
[2026-02-14 14:46:28 UTC] TASK_REMAINING=0
[2026-02-14 14:46:28 UTC] NO_TASK_REMAINING_POST_WAIT (240s)
[2026-02-14 14:47:36 UTC] AUTONOMOUS_EXECUTOR_STARTED (pid=68826)
[2026-02-14 14:47:36 UTC] EXECUTION_PROFILE=max
[2026-02-14 14:47:36 UTC] PIPELINE_SCRIPT=/home/dev/Project_Me/asdev-standards-platform/platform/scripts/execution/pipelines/run-priority-pipelines-max.sh
[2026-02-14 14:47:36 UTC] IDLE_WAIT_START (180s)
[2026-02-14 14:48:06 UTC] AUTONOMOUS_EXECUTOR_STARTED (pid=69323)
[2026-02-14 14:48:06 UTC] EXECUTION_PROFILE=max
[2026-02-14 14:48:06 UTC] PIPELINE_SCRIPT=/home/dev/Project_Me/asdev-standards-platform/platform/scripts/execution/pipelines/run-priority-pipelines-max.sh
[2026-02-14 14:48:06 UTC] IDLE_WAIT_START (180s)
[2026-02-14 14:51:06 UTC] TASK_REMAINING=0
[2026-02-14 14:51:06 UTC] NO_TASK_REMAINING_POST_WAIT (240s)
[2026-02-14 14:55:06 UTC] STEP_START: post_completion_verify
[2026-02-14 14:55:07 UTC] STEP_END: post_completion_verify (exit=0, log=/home/dev/Project_Me/asdev-standards-platform/var/automation/autonomous-executor/logs/post_completion_verify_20260214_155506.log)
[2026-02-14 14:55:07 UTC] UPDATED: /home/dev/Project_Me/MANUAL_EXTERNAL_ACTIONS.md
[2026-02-14 14:55:07 UTC] UPDATED: /home/dev/Project_Me/asdev-standards-platform/var/automation/reports/AUTONOMOUS_EXECUTION_STATUS_2026-02-14.md
[2026-02-14 14:55:07 UTC] SAFE_COMMIT_DISABLED
[2026-02-14 14:55:27 UTC] IDLE_WAIT_START (180s)
[2026-02-14 14:58:27 UTC] TASK_REMAINING=0
[2026-02-14 14:58:27 UTC] NO_TASK_REMAINING_POST_WAIT (240s)
[2026-02-14 15:02:27 UTC] STEP_START: post_completion_verify
[2026-02-14 15:02:27 UTC] STEP_END: post_completion_verify (exit=0, log=/home/dev/Project_Me/asdev-standards-platform/var/automation/autonomous-executor/logs/post_completion_verify_20260214_160227.log)
[2026-02-14 15:02:27 UTC] UPDATED: /home/dev/Project_Me/MANUAL_EXTERNAL_ACTIONS.md
[2026-02-14 15:02:27 UTC] UPDATED: /home/dev/Project_Me/asdev-standards-platform/var/automation/reports/AUTONOMOUS_EXECUTION_STATUS_2026-02-14.md
[2026-02-14 15:02:27 UTC] SAFE_COMMIT_DISABLED
[2026-02-14 15:02:47 UTC] IDLE_WAIT_START (180s)
[2026-02-14 15:05:47 UTC] TASK_REMAINING=0
[2026-02-14 15:05:47 UTC] NO_TASK_REMAINING_POST_WAIT (240s)
[2026-02-14 15:09:47 UTC] STEP_START: post_completion_verify
[2026-02-14 15:09:47 UTC] STEP_END: post_completion_verify (exit=0, log=/home/dev/Project_Me/asdev-standards-platform/var/automation/autonomous-executor/logs/post_completion_verify_20260214_160947.log)
[2026-02-14 15:09:47 UTC] UPDATED: /home/dev/Project_Me/MANUAL_EXTERNAL_ACTIONS.md
[2026-02-14 15:09:47 UTC] UPDATED: /home/dev/Project_Me/asdev-standards-platform/var/automation/reports/AUTONOMOUS_EXECUTION_STATUS_2026-02-14.md
[2026-02-14 15:09:47 UTC] SAFE_COMMIT_DISABLED
[2026-02-14 15:10:07 UTC] IDLE_WAIT_START (180s)
[2026-02-14 15:13:07 UTC] TASK_REMAINING=0
[2026-02-14 15:13:07 UTC] NO_TASK_REMAINING_POST_WAIT (240s)
[2026-02-14 15:17:07 UTC] STEP_START: post_completion_verify
[2026-02-14 15:17:07 UTC] STEP_END: post_completion_verify (exit=0, log=/home/dev/Project_Me/asdev-standards-platform/var/automation/autonomous-executor/logs/post_completion_verify_20260214_161707.log)
[2026-02-14 15:17:07 UTC] UPDATED: /home/dev/Project_Me/MANUAL_EXTERNAL_ACTIONS.md
[2026-02-14 15:17:07 UTC] UPDATED: /home/dev/Project_Me/asdev-standards-platform/var/automation/reports/AUTONOMOUS_EXECUTION_STATUS_2026-02-14.md
[2026-02-14 15:17:07 UTC] SAFE_COMMIT_DISABLED
[2026-02-14 15:17:27 UTC] IDLE_WAIT_START (180s)
[2026-02-14 15:20:27 UTC] TASK_REMAINING=0
[2026-02-14 15:20:27 UTC] NO_TASK_REMAINING_POST_WAIT (240s)
[2026-02-14 15:24:27 UTC] STEP_START: post_completion_verify
[2026-02-14 15:24:27 UTC] STEP_END: post_completion_verify (exit=0, log=/home/dev/Project_Me/asdev-standards-platform/var/automation/autonomous-executor/logs/post_completion_verify_20260214_162427.log)
[2026-02-14 15:24:27 UTC] UPDATED: /home/dev/Project_Me/MANUAL_EXTERNAL_ACTIONS.md
[2026-02-14 15:24:28 UTC] UPDATED: /home/dev/Project_Me/asdev-standards-platform/var/automation/reports/AUTONOMOUS_EXECUTION_STATUS_2026-02-14.md
[2026-02-14 15:24:28 UTC] SAFE_COMMIT_DISABLED
[2026-02-14 15:24:48 UTC] IDLE_WAIT_START (180s)
[2026-02-14 15:27:48 UTC] TASK_REMAINING=0
[2026-02-14 15:27:48 UTC] NO_TASK_REMAINING_POST_WAIT (240s)
[2026-02-14 15:31:48 UTC] STEP_START: post_completion_verify
[2026-02-14 15:31:48 UTC] STEP_END: post_completion_verify (exit=0, log=/home/dev/Project_Me/asdev-standards-platform/var/automation/autonomous-executor/logs/post_completion_verify_20260214_163148.log)
[2026-02-14 15:31:48 UTC] UPDATED: /home/dev/Project_Me/MANUAL_EXTERNAL_ACTIONS.md
[2026-02-14 15:31:48 UTC] UPDATED: /home/dev/Project_Me/asdev-standards-platform/var/automation/reports/AUTONOMOUS_EXECUTION_STATUS_2026-02-14.md
[2026-02-14 15:31:48 UTC] SAFE_COMMIT_DISABLED
[2026-02-14 15:32:08 UTC] IDLE_WAIT_START (180s)
[2026-02-14 15:35:08 UTC] TASK_REMAINING=0
[2026-02-14 15:35:08 UTC] NO_TASK_REMAINING_POST_WAIT (240s)
[2026-02-14 15:39:08 UTC] STEP_START: post_completion_verify
[2026-02-14 15:39:08 UTC] STEP_END: post_completion_verify (exit=0, log=/home/dev/Project_Me/asdev-standards-platform/var/automation/autonomous-executor/logs/post_completion_verify_20260214_163908.log)
[2026-02-14 15:39:08 UTC] UPDATED: /home/dev/Project_Me/MANUAL_EXTERNAL_ACTIONS.md
[2026-02-14 15:39:08 UTC] UPDATED: /home/dev/Project_Me/asdev-standards-platform/var/automation/reports/AUTONOMOUS_EXECUTION_STATUS_2026-02-14.md
[2026-02-14 15:39:08 UTC] SAFE_COMMIT_DISABLED
[2026-02-14 15:39:28 UTC] IDLE_WAIT_START (180s)
[2026-02-14 15:42:28 UTC] TASK_REMAINING=0
[2026-02-14 15:42:28 UTC] NO_TASK_REMAINING_POST_WAIT (240s)
[2026-02-14 15:46:28 UTC] STEP_START: post_completion_verify
[2026-02-14 15:46:28 UTC] STEP_END: post_completion_verify (exit=0, log=/home/dev/Project_Me/asdev-standards-platform/var/automation/autonomous-executor/logs/post_completion_verify_20260214_164628.log)
[2026-02-14 15:46:28 UTC] UPDATED: /home/dev/Project_Me/MANUAL_EXTERNAL_ACTIONS.md
[2026-02-14 15:46:28 UTC] UPDATED: /home/dev/Project_Me/asdev-standards-platform/var/automation/reports/AUTONOMOUS_EXECUTION_STATUS_2026-02-14.md
[2026-02-14 15:46:28 UTC] SAFE_COMMIT_DISABLED
[2026-02-14 15:46:48 UTC] IDLE_WAIT_START (180s)
[2026-02-14 15:49:48 UTC] TASK_REMAINING=0
[2026-02-14 15:49:48 UTC] NO_TASK_REMAINING_POST_WAIT (240s)
[2026-02-14 15:53:48 UTC] STEP_START: post_completion_verify
[2026-02-14 15:53:48 UTC] STEP_END: post_completion_verify (exit=0, log=/home/dev/Project_Me/asdev-standards-platform/var/automation/autonomous-executor/logs/post_completion_verify_20260214_165348.log)
[2026-02-14 15:53:48 UTC] UPDATED: /home/dev/Project_Me/MANUAL_EXTERNAL_ACTIONS.md
[2026-02-14 15:53:48 UTC] UPDATED: /home/dev/Project_Me/asdev-standards-platform/var/automation/reports/AUTONOMOUS_EXECUTION_STATUS_2026-02-14.md
[2026-02-14 15:53:48 UTC] SAFE_COMMIT_DISABLED
[2026-02-14 15:54:08 UTC] IDLE_WAIT_START (180s)
[2026-02-14 15:57:08 UTC] TASK_REMAINING=0
[2026-02-14 15:57:08 UTC] NO_TASK_REMAINING_POST_WAIT (240s)
[2026-02-14 16:01:08 UTC] STEP_START: post_completion_verify
[2026-02-14 16:01:09 UTC] STEP_END: post_completion_verify (exit=0, log=/home/dev/Project_Me/asdev-standards-platform/var/automation/autonomous-executor/logs/post_completion_verify_20260214_170108.log)
[2026-02-14 16:01:09 UTC] UPDATED: /home/dev/Project_Me/MANUAL_EXTERNAL_ACTIONS.md
[2026-02-14 16:01:09 UTC] UPDATED: /home/dev/Project_Me/asdev-standards-platform/var/automation/reports/AUTONOMOUS_EXECUTION_STATUS_2026-02-14.md
[2026-02-14 16:01:09 UTC] SAFE_COMMIT_DISABLED
[2026-02-14 16:01:29 UTC] IDLE_WAIT_START (180s)
[2026-02-14 16:04:29 UTC] TASK_REMAINING=0
[2026-02-14 16:04:29 UTC] NO_TASK_REMAINING_POST_WAIT (240s)
[2026-02-14 16:08:29 UTC] STEP_START: post_completion_verify
[2026-02-14 16:08:29 UTC] STEP_END: post_completion_verify (exit=0, log=/home/dev/Project_Me/asdev-standards-platform/var/automation/autonomous-executor/logs/post_completion_verify_20260214_170829.log)
[2026-02-14 16:08:29 UTC] UPDATED: /home/dev/Project_Me/MANUAL_EXTERNAL_ACTIONS.md
[2026-02-14 16:08:29 UTC] UPDATED: /home/dev/Project_Me/asdev-standards-platform/var/automation/reports/AUTONOMOUS_EXECUTION_STATUS_2026-02-14.md
[2026-02-14 16:08:29 UTC] SAFE_COMMIT_DISABLED
[2026-02-14 16:08:49 UTC] IDLE_WAIT_START (180s)
[2026-02-14 16:11:49 UTC] TASK_REMAINING=0
[2026-02-14 16:11:49 UTC] NO_TASK_REMAINING_POST_WAIT (240s)
[2026-02-14 16:15:49 UTC] STEP_START: post_completion_verify
[2026-02-14 16:15:49 UTC] STEP_END: post_completion_verify (exit=0, log=/home/dev/Project_Me/asdev-standards-platform/var/automation/autonomous-executor/logs/post_completion_verify_20260214_171549.log)
[2026-02-14 16:15:49 UTC] UPDATED: /home/dev/Project_Me/MANUAL_EXTERNAL_ACTIONS.md
[2026-02-14 16:15:49 UTC] UPDATED: /home/dev/Project_Me/asdev-standards-platform/var/automation/reports/AUTONOMOUS_EXECUTION_STATUS_2026-02-14.md
[2026-02-14 16:15:49 UTC] SAFE_COMMIT_DISABLED
[2026-02-14 16:16:09 UTC] IDLE_WAIT_START (180s)
[2026-02-14 16:19:09 UTC] TASK_REMAINING=0
[2026-02-14 16:19:09 UTC] NO_TASK_REMAINING_POST_WAIT (240s)
[2026-02-14 16:23:09 UTC] STEP_START: post_completion_verify
[2026-02-14 16:23:09 UTC] STEP_END: post_completion_verify (exit=0, log=/home/dev/Project_Me/asdev-standards-platform/var/automation/autonomous-executor/logs/post_completion_verify_20260214_172309.log)
[2026-02-14 16:23:09 UTC] UPDATED: /home/dev/Project_Me/MANUAL_EXTERNAL_ACTIONS.md
[2026-02-14 16:23:09 UTC] UPDATED: /home/dev/Project_Me/asdev-standards-platform/var/automation/reports/AUTONOMOUS_EXECUTION_STATUS_2026-02-14.md
[2026-02-14 16:23:09 UTC] SAFE_COMMIT_DISABLED
[2026-02-14 16:23:29 UTC] IDLE_WAIT_START (180s)
