$ eslint .
$ bun test
bun test v1.3.9 (cf6cdbbb)

src/lib/__tests__/brand-seo-contract.test.ts:
(pass) brand and seo contract > brand identity baseline is defined
(pass) brand and seo contract > sitemap includes homepage and brand page
(pass) brand and seo contract > robots points to canonical host and sitemap [1.00ms]

 3 pass
 0 fail
 8 expect() calls
Ran 3 tests across 1 file. [15.00ms]
$ next build && cp -r .next/static .next/standalone/.next/ && cp -r public .next/standalone/
▲ Next.js 16.1.3 (Turbopack)

  Creating an optimized production build ...
Turbopack build encountered 2 warnings:
[next]/internal/font/google/geist_a71539c9.module.css
Error while requesting resource
There was an issue establishing a connection while requesting https://fonts.googleapis.com/css2?family=Geist:wght@100..900&display=swap

Import trace:
  Server Component:
    [next]/internal/font/google/geist_a71539c9.module.css
    [next]/internal/font/google/geist_a71539c9.js
    ./src/app/layout.tsx


[next]/internal/font/google/geist_mono_8d43a2aa.module.css
Error while requesting resource
There was an issue establishing a connection while requesting https://fonts.googleapis.com/css2?family=Geist+Mono:wght@100..900&display=swap

Import trace:
  Server Component:
    [next]/internal/font/google/geist_mono_8d43a2aa.module.css
    [next]/internal/font/google/geist_mono_8d43a2aa.js
    ./src/app/layout.tsx



> Build error occurred
Error: Turbopack build failed with 2 errors:
[next]/internal/font/google/geist_a71539c9.module.css
next/font: error:
Failed to fetch `Geist` from Google Fonts.

Import trace:
  Server Component:
    [next]/internal/font/google/geist_a71539c9.module.css
    [next]/internal/font/google/geist_a71539c9.js
    ./src/app/layout.tsx


[next]/internal/font/google/geist_mono_8d43a2aa.module.css
next/font: error:
Failed to fetch `Geist Mono` from Google Fonts.

Import trace:
  Server Component:
    [next]/internal/font/google/geist_mono_8d43a2aa.module.css
    [next]/internal/font/google/geist_mono_8d43a2aa.js
    ./src/app/layout.tsx


    at ignore-listed frames
error: script "build" exited with code 1
