
> persiantoolbox@2.0.2 ci:quick /home/dev/Project_Me/asdev-persiantoolbox
> pnpm lint && pnpm typecheck && pnpm gate:local-first && pnpm vitest --run


> persiantoolbox@2.0.2 lint /home/dev/Project_Me/asdev-persiantoolbox
> eslint . --ext .ts,.tsx


> persiantoolbox@2.0.2 typecheck /home/dev/Project_Me/asdev-persiantoolbox
> tsc --noEmit


> persiantoolbox@2.0.2 gate:local-first /home/dev/Project_Me/asdev-persiantoolbox
> tsx scripts/quality/verify-local-first.ts

[local-first] OK: no off-origin runtime dependency found
[33mThe CJS build of Vite's Node API is deprecated. See https://vite.dev/guide/troubleshooting.html#vite-cjs-node-api-deprecated for more details.[39m

 RUN  v1.6.1 /home/dev/Project_Me/asdev-persiantoolbox

 ✓ features/pdf-tools/workerClient.test.ts  (4 tests) 12ms
 ✓ features/loan/loan.logic.test.ts  (12 tests) 8ms
 ✓ features/date-tools/date-tools.logic.test.ts  (14 tests) 13ms
 ✓ tests/unit/date-tools.test.ts  (12 tests) 10ms
 ✓ features/salary/salary.logic.test.ts  (6 tests) 12ms
 ✓ tests/unit/seo-jsonld-contract.test.ts  (4 tests) 24ms
 ✓ tests/unit/utils.test.ts  (21 tests) 19ms
 ✓ tests/unit/analytics-route.test.ts  (5 tests) 214ms
 ✓ tests/unit/recent-history-card.test.tsx  (6 tests) 264ms
 ✓ tests/unit/account-page-retry-contract.test.tsx  (5 tests) 338ms
 ✓ tests/unit/site-settings-admin-page-race.test.tsx  (1 test) 660ms
 ✓ tests/unit/auth.test.ts  (5 tests) 17ms
 ✓ tests/unit/admin-auth.test.ts  (6 tests) 20ms
 ✓ tests/seo-tools.test.ts  (4 tests) 25ms
 ✓ tests/unit/ad-analytics-privacy.test.ts  (2 tests) 86ms
 ✓ tests/unit/monitoring-consent.test.ts  (2 tests) 46ms
 ✓ tests/unit/image-tools-async-state.test.tsx  (1 test) 308ms
stderr | tests/unit/rate-limit.test.ts > rateLimit > blocks when count is over limit and logs metric when enabled
[rate-limit] { key: 'k2', limit: 3, windowMs: 60000, blockedAt: 1771103015377 }

 ✓ tests/unit/rate-limit.test.ts  (4 tests) 29ms
 ✓ tests/unit/sessions.test.ts  (5 tests) 15ms
 ✓ tests/unit/validation-tools-page.test.tsx  (3 tests) 635ms
 ✓ shared/utils/numbers/number.test.ts  (10 tests) 13ms
 ✓ tests/unit/monetization-operations-contract.test.ts  (1 test) 16ms
 ✓ tests/unit/validation.test.ts  (6 tests) 12ms
 ✓ tests/unit/navigation-feature-flag.test.tsx  (2 tests) 146ms
 ✓ features/text-tools/address-fa-to-en.test.ts  (3 tests) 16ms
 ✓ tests/unit/next-config-redirects.test.ts  (2 tests) 31ms
 ✓ tests/unit/high-traffic-tools-async-state.test.tsx  (3 tests) 1196ms
 ✓ tests/unit/release-state-consistency-contract.test.ts  (1 test) 12ms
 ✓ tests/unit/text-tools-page.test.tsx  (2 tests) 553ms
 ✓ tests/unit/monetization-alerting-decision-contract.test.ts  (1 test) 7ms
 ✓ tests/unit/pdf-utils.test.ts  (8 tests) 21ms
 ✓ features/interest/interest.logic.test.ts  (4 tests) 6ms
 ✓ tests/unit/deployment-readiness-contract.test.ts  (1 test) 9ms
 ✓ tests/unit/launch-smoke-report-contract.test.ts  (1 test) 9ms
 ✓ tests/unit/release-rc-report-contract.test.ts  (1 test) 14ms
 ✓ tests/unit/finance.test.ts  (5 tests) 9ms
 ✓ tests/unit/ads-consent.test.ts  (5 tests) 6ms
 ✓ tests/unit/site-settings-validation.test.ts  (4 tests) 7ms
 ✓ tests/unit/deployment-readiness-report-contract.test.ts  (1 test) 6ms
 ✓ tests/unit/analytics-store-security.test.ts  (1 test) 25ms
 ✓ tests/unit/history.test.ts  (7 tests) 7ms
 ✓ tests/unit/exports.test.ts  (2 tests) 7ms
 ✓ tests/unit/release-candidate-contract.test.ts  (1 test) 5ms
 ✓ tests/unit/rollback-drill-contract.test.ts  (1 test) 6ms
 ✓ tests/unit/site-settings-contract.test.ts  (1 test) 6ms
 ✓ tests/unit/csrf.test.ts  (6 tests) 23ms
 ✓ tests/unit/review-backlog-contract.test.ts  (1 test) 9ms
 ✓ tests/unit/launch-day-checklist-contract.test.ts  (1 test) 9ms
 ✓ tests/unit/result.test.ts  (3 tests) 5ms
stdout | features/pdf-tools/lazy-deps.test.ts > pdf lazy deps > memoizes pdfjs import promise
Warning: Please use the `legacy` build in Node.js environments.

 ✓ tests/unit/ad-experiment.test.ts  (2 tests) 6ms
 ✓ tests/unit/async-state.test.tsx  (3 tests) 295ms
 ✓ features/date-tools/holidays.test.ts  (4 tests) 18ms
 ✓ features/pdf-tools/lazy-deps.test.ts  (3 tests) 328ms
 ✓ tests/unit/favorites.test.ts  (4 tests) 14ms
 ✓ tests/unit/seo.test.ts  (1 test) 6ms
 ✓ tests/unit/subscription-webhook.test.ts  (2 tests) 18ms
 ✓ tests/unit/sw-cache-version.test.ts  (1 test) 10ms
 ✓ tests/unit/proxy-csp.test.ts  (2 tests) 7ms
 ✓ tests/unit/finance-saved.test.ts  (1 test) 7ms
 ✓ features/image-tools/utils/format.test.ts  (2 tests) 2ms
 ✓ tests/unit/history-share.test.ts  (3 tests) 4ms
 ✓ tests/unit/admin-site-settings-route.test.ts  (2 tests) 9ms
 ✓ tests/unit/brand.test.ts  (1 test) 5ms
 ✓ tests/unit/subscriptionPlans.test.ts  (3 tests) 3ms
 ✓ tests/unit/local-first-gate.test.ts  (1 test) 21ms

 Test Files  65 passed (65)
      Tests  242 passed (242)
   Start at  22:03:31
   Duration  9.85s (transform 2.33s, setup 19.70s, collect 7.32s, tests 5.70s, environment 39.90s, prepare 9.82s)


> persiantoolbox@2.0.2 release:state:validate /home/dev/Project_Me/asdev-persiantoolbox
> node scripts/release/validate-release-state-consistency.mjs

file:///home/dev/Project_Me/asdev-persiantoolbox/scripts/release/validate-release-state-consistency.mjs:9
    throw new Error(errorMessage);
          ^

Error: Registry missing release_train field
    at extractSingle (file:///home/dev/Project_Me/asdev-persiantoolbox/scripts/release/validate-release-state-consistency.mjs:9:11)
    at main (file:///home/dev/Project_Me/asdev-persiantoolbox/scripts/release/validate-release-state-consistency.mjs:64:24)
    at file:///home/dev/Project_Me/asdev-persiantoolbox/scripts/release/validate-release-state-consistency.mjs:107:1
    at ModuleJob.run (node:internal/modules/esm/module_job:413:25)
    at async onImport.tracePromise.__proto__ (node:internal/modules/esm/loader:660:26)
    at async asyncRunEntryPointWithESMLoader (node:internal/modules/run_main:101:5)

Node.js v24.13.0
 ELIFECYCLE  Command failed with exit code 1.
