Scope: all 9 workspace projects
(node:5858) [DEP0169] DeprecationWarning: `url.parse()` behavior is not standardized and prone to errors that have security implications. Use the WHATWG URL API instead. CVEs are not issued for `url.parse()` vulnerabilities.
(Use `node --trace-deprecation ...` to show where the warning was created)
Lockfile is up to date, resolution step is skipped
Progress: resolved 1, reused 0, downloaded 0, added 0
Packages: +219
++++++++++++++++++++++++++++++++++++++++++++++++++++++++++++++++++++++++++++++++
Progress: resolved 219, reused 219, downloaded 0, added 219, done

dependencies:
+ pg 8.18.0
+ zod 3.25.76

devDependencies:
+ @types/node 22.19.11
+ @types/pg 8.16.0
+ @typescript-eslint/eslint-plugin 8.55.0
+ @typescript-eslint/parser 8.55.0
+ eslint 8.57.1
+ prettier 3.8.1
+ prisma 6.19.2
+ turbo 2.8.4
+ typescript 5.9.3
+ vitest 3.2.4

Done in 1.4s
